<?xml version="1.0" encoding="UTF-8"?>
<!-- Generated by org.testng.reporters.JUnitReportReporter -->
<testsuite skipped="0" hostname="Admin" name="Blume2000.loginPageTest" tests="2" failures="0" timestamp="20 Jan 2019 19:09:19 GMT" time="5.305" errors="0">
  <testcase name="loginTest" time="3.634" classname="Blume2000.loginPageTest"/>
  <testcase name="loginTest" time="1.671" classname="Blume2000.loginPageTest"/>
</testsuite> <!-- Blume2000.loginPageTest -->
