<?xml version="1.0" encoding="UTF-8"?>
<!-- Generated by org.testng.reporters.JUnitReportReporter -->
<testsuite skipped="7" hostname="Admin" name="Blume2000.accountTypeNewCustomer" tests="8" failures="0" timestamp="13 Mar 2020 09:32:04 GMT" time="85.477" errors="0">
  <testcase name="newCustomerRatePayMethodTest" time="85.477" classname="Blume2000.accountTypeNewCustomer"/>
  <testcase name="newCustomerSEPADirectDebitMethodTestWithGiftCard" classname="Blume2000.accountTypeNewCustomer">
    <skipped/>
  </testcase> <!-- newCustomerSEPADirectDebitMethodTestWithGiftCard -->
  <testcase name="newCustomerPaypalPaymentMethodTestWithGiftCard" classname="Blume2000.accountTypeNewCustomer">
    <skipped/>
  </testcase> <!-- newCustomerPaypalPaymentMethodTestWithGiftCard -->
  <testcase name="newCustomerCreditCardMethodTestWithGiftCard" classname="Blume2000.accountTypeNewCustomer">
    <skipped/>
  </testcase> <!-- newCustomerCreditCardMethodTestWithGiftCard -->
  <testcase name="newCustomerInvoiceMethodTestWithGiftCard" classname="Blume2000.accountTypeNewCustomer">
    <skipped/>
  </testcase> <!-- newCustomerInvoiceMethodTestWithGiftCard -->
  <testcase name="newCustomerRatePayMethodTestWithGiftCard" classname="Blume2000.accountTypeNewCustomer">
    <skipped/>
  </testcase> <!-- newCustomerRatePayMethodTestWithGiftCard -->
  <testcase name="newCustomerCreditCardMethodTestWithGiftCardTopseller" classname="Blume2000.accountTypeNewCustomer">
    <skipped/>
  </testcase> <!-- newCustomerCreditCardMethodTestWithGiftCardTopseller -->
  <testcase name="newCustomerInvoiceMethodTest" classname="Blume2000.accountTypeNewCustomer">
    <skipped/>
  </testcase> <!-- newCustomerInvoiceMethodTest -->
</testsuite> <!-- Blume2000.accountTypeNewCustomer -->
