<?xml version="1.0" encoding="UTF-8"?>
<!-- Generated by org.testng.reporters.JUnitReportReporter -->
<testsuite skipped="0" hostname="Admin" name="Blume2000.sampleTest" tests="1" failures="0" timestamp="26 Feb 2019 09:49:40 GMT" time="50.784" errors="0">
  <testcase name="verifyGreetingCardTextLengthErrorMessageTest" time="50.784" classname="Blume2000.sampleTest"/>
</testsuite> <!-- Blume2000.sampleTest -->
