<?xml version="1.0" encoding="UTF-8"?>
<!-- Generated by org.testng.reporters.JUnitReportReporter -->
<testsuite skipped="0" hostname="Admin" name="Blume2000.homePageTests" tests="1" failures="0" timestamp="17 Jan 2019 11:25:08 GMT" time="29.347" errors="0">
  <testcase name="registerationTest" time="29.347" classname="Blume2000.homePageTests"/>
</testsuite> <!-- Blume2000.homePageTests -->
