<?xml version="1.0" encoding="UTF-8"?>
<!-- Generated by org.testng.reporters.JUnitReportReporter -->
<testsuite skipped="2" hostname="Admin" name="Blume2000.accountTypeGuestCustomer" tests="6" failures="0" timestamp="02 Mar 2020 17:00:28 GMT" time="391.762" errors="0">
  <testcase name="guestCustomerRatePayMethodTest" time="80.933" classname="Blume2000.accountTypeGuestCustomer"/>
  <testcase name="guestCustomerCreditCardMethodTest" time="101.154" classname="Blume2000.accountTypeGuestCustomer"/>
  <testcase name="guestCustomerSEPADebitCardMethodTest" time="77.695" classname="Blume2000.accountTypeGuestCustomer"/>
  <testcase name="guestCustomerPaypalMethodTest" time="131.980" classname="Blume2000.accountTypeGuestCustomer"/>
  <testcase name="guestCustomerInvoiceMethodTest" classname="Blume2000.accountTypeGuestCustomer">
    <skipped/>
  </testcase> <!-- guestCustomerInvoiceMethodTest -->
  <testcase name="guestCustomerInvoiceMethodTopsellerTest" classname="Blume2000.accountTypeGuestCustomer">
    <skipped/>
  </testcase> <!-- guestCustomerInvoiceMethodTopsellerTest -->
</testsuite> <!-- Blume2000.accountTypeGuestCustomer -->
