<?xml version="1.0" encoding="UTF-8"?>
<!-- Generated by org.testng.reporters.JUnitReportReporter -->
<testsuite skipped="4" hostname="Admin" name="automationPracticeCloudSufi.sampleTest2" tests="5" failures="0" timestamp="06 Jul 2021 03:12:31 GMT" time="44.936" errors="0">
  <testcase name="verifyUserAccountCreationErrorMessageFirstName" time="44.936" classname="automationPracticeCloudSufi.sampleTest2"/>
  <testcase name="verifyNewUserAccountCreation" classname="automationPracticeCloudSufi.sampleTest2">
    <skipped/>
  </testcase> <!-- verifyNewUserAccountCreation -->
  <testcase name="verifyVisibilityOfCreateAnAccountButton" classname="automationPracticeCloudSufi.sampleTest2">
    <skipped/>
  </testcase> <!-- verifyVisibilityOfCreateAnAccountButton -->
  <testcase name="verifyUserAccountCreationPageUsingNewEmail" classname="automationPracticeCloudSufi.sampleTest2">
    <skipped/>
  </testcase> <!-- verifyUserAccountCreationPageUsingNewEmail -->
  <testcase name="verifySignInButtonOnHomePage" classname="automationPracticeCloudSufi.sampleTest2">
    <skipped/>
  </testcase> <!-- verifySignInButtonOnHomePage -->
</testsuite> <!-- automationPracticeCloudSufi.sampleTest2 -->
