<?xml version="1.0" encoding="UTF-8"?>
<!-- Generated by org.testng.reporters.JUnitReportReporter -->
<testsuite skipped="0" hostname="Admin" name="Blume2000.accountTypeNewCustomerOriginal" tests="4" failures="0" timestamp="30 Jan 2019 10:58:11 GMT" time="451.544" errors="0">
  <testcase name="newCustomerPaypalPaymentMethodTest" time="131.608" classname="Blume2000.accountTypeNewCustomerOriginal"/>
  <testcase name="newCustomerInvoiceMethodTest" time="203.357" classname="Blume2000.accountTypeNewCustomerOriginal"/>
  <testcase name="newCustomerSEPADirectDebitMethodTest" time="57.518" classname="Blume2000.accountTypeNewCustomerOriginal"/>
  <testcase name="newCustomerCreditCardMethodTest" time="59.061" classname="Blume2000.accountTypeNewCustomerOriginal"/>
</testsuite> <!-- Blume2000.accountTypeNewCustomerOriginal -->
