<?xml version="1.0" encoding="UTF-8"?>
<!-- Generated by org.testng.reporters.JUnitReportReporter -->
<testsuite skipped="0" hostname="Admin" name="Blume2000.homePageTest" tests="1" failures="0" timestamp="21 Jan 2019 07:56:19 GMT" time="1.437" errors="0">
  <testcase name="registerationTest" time="1.437" classname="Blume2000.homePageTest"/>
</testsuite> <!-- Blume2000.homePageTest -->
