<?xml version="1.0" encoding="UTF-8"?>
<!-- Generated by org.testng.reporters.JUnitReportReporter -->
<testsuite skipped="0" hostname="Admin" name="Blume2000.homePageTest" tests="1" failures="0" timestamp="18 Jan 2019 09:42:30 GMT" time="1.595" errors="0">
  <testcase name="registerationTest" time="1.595" classname="Blume2000.homePageTest"/>
</testsuite> <!-- Blume2000.homePageTest -->
