<?xml version="1.0" encoding="UTF-8"?>
<!-- Generated by org.testng.reporters.JUnitReportReporter -->
<testsuite skipped="0" hostname="Admin" name="Blume2000.loginPageTest" tests="2" failures="0" timestamp="21 Jan 2019 07:56:19 GMT" time="4.220" errors="0">
  <testcase name="loginTest" time="1.875" classname="Blume2000.loginPageTest"/>
  <testcase name="loginTest" time="2.345" classname="Blume2000.loginPageTest"/>
</testsuite> <!-- Blume2000.loginPageTest -->
