<?xml version="1.0" encoding="UTF-8"?>
<!-- Generated by org.testng.reporters.JUnitReportReporter -->
<testsuite skipped="0" hostname="Admin" name="Blume2000.homePageTest" tests="1" failures="0" timestamp="20 Jan 2019 19:01:55 GMT" time="1.239" errors="0">
  <testcase name="registerationTest" time="1.239" classname="Blume2000.homePageTest"/>
</testsuite> <!-- Blume2000.homePageTest -->
