<?xml version="1.0" encoding="UTF-8"?>
<!-- Generated by org.testng.reporters.JUnitReportReporter -->
<testsuite skipped="0" hostname="Admin" name="Blume2000.loginPageTest" tests="2" failures="0" timestamp="18 Jan 2019 09:42:30 GMT" time="16.288" errors="0">
  <testcase name="loginTest" time="12.219" classname="Blume2000.loginPageTest"/>
  <testcase name="loginTest" time="4.069" classname="Blume2000.loginPageTest"/>
</testsuite> <!-- Blume2000.loginPageTest -->
