<?xml version="1.0" encoding="UTF-8"?>
<!-- Generated by org.testng.reporters.JUnitReportReporter -->
<testsuite hostname="Admin" name="Blume2000.homePageTest" tests="1" failures="0" timestamp="22 Jan 2019 08:23:37 GMT" time="1.684" errors="0">
  <testcase name="registerationTest" time="1.684" classname="Blume2000.homePageTest"/>
</testsuite> <!-- Blume2000.homePageTest -->
